<?xml version="1.0" encoding="UTF-8"?>
<testng-results skipped="0" failed="0" total="2" passed="2">
  <reporter-output>
  </reporter-output>
  <suite name="Default suite" duration-ms="51" started-at="2021-04-12T17:08:34Z" finished-at="2021-04-12T17:08:34Z">
    <groups>
    </groups>
    <test name="Default test" duration-ms="51" started-at="2021-04-12T17:08:34Z" finished-at="2021-04-12T17:08:34Z">
      <class name="TestNG.Demo3">
        <test-method status="PASS" signature="Testcase2()[pri:0, instance:TestNG.Demo3@58651fd0]" name="Testcase2" duration-ms="2" started-at="2021-04-12T22:38:34Z" finished-at="2021-04-12T22:38:34Z">
          <reporter-output>
          </reporter-output>
        </test-method> <!-- Testcase2 -->
        <test-method status="PASS" signature="at()[pri:0, instance:TestNG.Demo3@58651fd0]" name="at" is-config="true" duration-ms="0" started-at="2021-04-12T22:38:34Z" finished-at="2021-04-12T22:38:34Z">
          <reporter-output>
          </reporter-output>
        </test-method> <!-- at -->
      </class> <!-- TestNG.Demo3 -->
      <class name="TestNG.Demo2">
        <test-method status="PASS" signature="bt()[pri:0, instance:TestNG.Demo2@735b5592]" name="bt" is-config="true" duration-ms="19" started-at="2021-04-12T22:38:34Z" finished-at="2021-04-12T22:38:34Z">
          <reporter-output>
          </reporter-output>
        </test-method> <!-- bt -->
        <test-method status="PASS" signature="Testcase1()[pri:0, instance:TestNG.Demo2@735b5592]" name="Testcase1" duration-ms="7" started-at="2021-04-12T22:38:34Z" finished-at="2021-04-12T22:38:34Z">
          <reporter-output>
          </reporter-output>
        </test-method> <!-- Testcase1 -->
      </class> <!-- TestNG.Demo2 -->
    </test> <!-- Default test -->
  </suite> <!-- Default suite -->
</testng-results>
